          https://img.jgi.doe.gov/m/tmp/public/davidbeck/5428/2634166220/2634166220.fsa.gz
  https://img.jgi.doe.gov/m/tmp/public/davidbeck/5428/2634166220/2634166220.gbf.gz
  https://img.jgi.doe.gov/m/tmp/public/davidbeck/5428/2634166220/2634166220.sqn.gz
  https://img.jgi.doe.gov/m/tmp/public/davidbeck/5428/2634166220/2634166220.tbl.gz
  https://img.jgi.doe.gov/m/tmp/public/davidbeck/5428/2634166220/2634166220.val.gz
          https://img.jgi.doe.gov/m/tmp/public/davidbeck/14535/2634166272/2634166272.fsa.gz
  https://img.jgi.doe.gov/m/tmp/public/davidbeck/14535/2634166272/2634166272.gbf.gz
  https://img.jgi.doe.gov/m/tmp/public/davidbeck/14535/2634166272/2634166272.sqn.gz
  https://img.jgi.doe.gov/m/tmp/public/davidbeck/14535/2634166272/2634166272.tbl.gz
  https://img.jgi.doe.gov/m/tmp/public/davidbeck/14535/2634166272/2634166272.val.gz
          https://img.jgi.doe.gov/m/tmp/public/davidbeck/14850/2634166271/2634166271.fsa.gz
  https://img.jgi.doe.gov/m/tmp/public/davidbeck/14850/2634166271/2634166271.gbf.gz
  https://img.jgi.doe.gov/m/tmp/public/davidbeck/14850/2634166271/2634166271.sqn.gz
  https://img.jgi.doe.gov/m/tmp/public/davidbeck/14850/2634166271/2634166271.tbl.gz
  https://img.jgi.doe.gov/m/tmp/public/davidbeck/14850/2634166271/2634166271.val.gz
          https://img.jgi.doe.gov/m/tmp/public/davidbeck/14917/2634166270/2634166270.fsa.gz
  https://img.jgi.doe.gov/m/tmp/public/davidbeck/14917/2634166270/2634166270.gbf.gz
  https://img.jgi.doe.gov/m/tmp/public/davidbeck/14917/2634166270/2634166270.sqn.gz
  https://img.jgi.doe.gov/m/tmp/public/davidbeck/14917/2634166270/2634166270.tbl.gz
  https://img.jgi.doe.gov/m/tmp/public/davidbeck/14917/2634166270/2634166270.val.gz
          https://img.jgi.doe.gov/m/tmp/public/davidbeck/14987/2634166269/2634166269.fsa.gz
  https://img.jgi.doe.gov/m/tmp/public/davidbeck/14987/2634166269/2634166269.gbf.gz
  https://img.jgi.doe.gov/m/tmp/public/davidbeck/14987/2634166269/2634166269.sqn.gz
  https://img.jgi.doe.gov/m/tmp/public/davidbeck/14987/2634166269/2634166269.tbl.gz
  https://img.jgi.doe.gov/m/tmp/public/davidbeck/14987/2634166269/2634166269.val.gz
          https://img.jgi.doe.gov/m/tmp/public/davidbeck/15047/2634166268/2634166268.fsa.gz
  https://img.jgi.doe.gov/m/tmp/public/davidbeck/15047/2634166268/2634166268.gbf.gz
  https://img.jgi.doe.gov/m/tmp/public/davidbeck/15047/2634166268/2634166268.sqn.gz
  https://img.jgi.doe.gov/m/tmp/public/davidbeck/15047/2634166268/2634166268.tbl.gz
  https://img.jgi.doe.gov/m/tmp/public/davidbeck/15047/2634166268/2634166268.val.gz
          https://img.jgi.doe.gov/m/tmp/public/davidbeck/15528/2634166267/2634166267.fsa.gz
  https://img.jgi.doe.gov/m/tmp/public/davidbeck/15528/2634166267/2634166267.gbf.gz
  https://img.jgi.doe.gov/m/tmp/public/davidbeck/15528/2634166267/2634166267.sqn.gz
  https://img.jgi.doe.gov/m/tmp/public/davidbeck/15528/2634166267/2634166267.tbl.gz
  https://img.jgi.doe.gov/m/tmp/public/davidbeck/15528/2634166267/2634166267.val.gz
          https://img.jgi.doe.gov/m/tmp/public/davidbeck/15611/2634166266/2634166266.fsa.gz
  https://img.jgi.doe.gov/m/tmp/public/davidbeck/15611/2634166266/2634166266.gbf.gz
  https://img.jgi.doe.gov/m/tmp/public/davidbeck/15611/2634166266/2634166266.sqn.gz
  https://img.jgi.doe.gov/m/tmp/public/davidbeck/15611/2634166266/2634166266.tbl.gz
  https://img.jgi.doe.gov/m/tmp/public/davidbeck/15611/2634166266/2634166266.val.gz
          https://img.jgi.doe.gov/m/tmp/public/davidbeck/16031/2634166265/2634166265.fsa.gz
  https://img.jgi.doe.gov/m/tmp/public/davidbeck/16031/2634166265/2634166265.gbf.gz
  https://img.jgi.doe.gov/m/tmp/public/davidbeck/16031/2634166265/2634166265.sqn.gz
  https://img.jgi.doe.gov/m/tmp/public/davidbeck/16031/2634166265/2634166265.tbl.gz
  https://img.jgi.doe.gov/m/tmp/public/davidbeck/16031/2634166265/2634166265.val.gz
          https://img.jgi.doe.gov/m/tmp/public/davidbeck/16105/2634166264/2634166264.fsa.gz
  https://img.jgi.doe.gov/m/tmp/public/davidbeck/16105/2634166264/2634166264.gbf.gz
  https://img.jgi.doe.gov/m/tmp/public/davidbeck/16105/2634166264/2634166264.sqn.gz
  https://img.jgi.doe.gov/m/tmp/public/davidbeck/16105/2634166264/2634166264.tbl.gz
  https://img.jgi.doe.gov/m/tmp/public/davidbeck/16105/2634166264/2634166264.val.gz
          https://img.jgi.doe.gov/m/tmp/public/davidbeck/16282/2634166263/2634166263.fsa.gz
  https://img.jgi.doe.gov/m/tmp/public/davidbeck/16282/2634166263/2634166263.gbf.gz
  https://img.jgi.doe.gov/m/tmp/public/davidbeck/16282/2634166263/2634166263.sqn.gz
  https://img.jgi.doe.gov/m/tmp/public/davidbeck/16282/2634166263/2634166263.tbl.gz
  https://img.jgi.doe.gov/m/tmp/public/davidbeck/16282/2634166263/2634166263.val.gz
          https://img.jgi.doe.gov/m/tmp/public/davidbeck/16486/2634166262/2634166262.fsa.gz
  https://img.jgi.doe.gov/m/tmp/public/davidbeck/16486/2634166262/2634166262.gbf.gz
  https://img.jgi.doe.gov/m/tmp/public/davidbeck/16486/2634166262/2634166262.sqn.gz
  https://img.jgi.doe.gov/m/tmp/public/davidbeck/16486/2634166262/2634166262.tbl.gz
  https://img.jgi.doe.gov/m/tmp/public/davidbeck/16486/2634166262/2634166262.val.gz
          https://img.jgi.doe.gov/m/tmp/public/davidbeck/16652/2634166261/2634166261.fsa.gz
  https://img.jgi.doe.gov/m/tmp/public/davidbeck/16652/2634166261/2634166261.gbf.gz
  https://img.jgi.doe.gov/m/tmp/public/davidbeck/16652/2634166261/2634166261.sqn.gz
  https://img.jgi.doe.gov/m/tmp/public/davidbeck/16652/2634166261/2634166261.tbl.gz
  https://img.jgi.doe.gov/m/tmp/public/davidbeck/16652/2634166261/2634166261.val.gz
          https://img.jgi.doe.gov/m/tmp/public/davidbeck/16931/2634166260/2634166260.fsa.gz
  https://img.jgi.doe.gov/m/tmp/public/davidbeck/16931/2634166260/2634166260.gbf.gz
  https://img.jgi.doe.gov/m/tmp/public/davidbeck/16931/2634166260/2634166260.sqn.gz
  https://img.jgi.doe.gov/m/tmp/public/davidbeck/16931/2634166260/2634166260.tbl.gz
  https://img.jgi.doe.gov/m/tmp/public/davidbeck/16931/2634166260/2634166260.val.gz
          https://img.jgi.doe.gov/m/tmp/public/davidbeck/17044/2634166259/2634166259.fsa.gz
  https://img.jgi.doe.gov/m/tmp/public/davidbeck/17044/2634166259/2634166259.gbf.gz
  https://img.jgi.doe.gov/m/tmp/public/davidbeck/17044/2634166259/2634166259.sqn.gz
  https://img.jgi.doe.gov/m/tmp/public/davidbeck/17044/2634166259/2634166259.tbl.gz
  https://img.jgi.doe.gov/m/tmp/public/davidbeck/17044/2634166259/2634166259.val.gz
          https://img.jgi.doe.gov/m/tmp/public/davidbeck/17083/2634166258/2634166258.fsa.gz
  https://img.jgi.doe.gov/m/tmp/public/davidbeck/17083/2634166258/2634166258.gbf.gz
  https://img.jgi.doe.gov/m/tmp/public/davidbeck/17083/2634166258/2634166258.sqn.gz
  https://img.jgi.doe.gov/m/tmp/public/davidbeck/17083/2634166258/2634166258.tbl.gz
  https://img.jgi.doe.gov/m/tmp/public/davidbeck/17083/2634166258/2634166258.val.gz
          https://img.jgi.doe.gov/m/tmp/public/davidbeck/17170/2634166257/2634166257.fsa.gz
  https://img.jgi.doe.gov/m/tmp/public/davidbeck/17170/2634166257/2634166257.gbf.gz
  https://img.jgi.doe.gov/m/tmp/public/davidbeck/17170/2634166257/2634166257.sqn.gz
  https://img.jgi.doe.gov/m/tmp/public/davidbeck/17170/2634166257/2634166257.tbl.gz
  https://img.jgi.doe.gov/m/tmp/public/davidbeck/17170/2634166257/2634166257.val.gz
          https://img.jgi.doe.gov/m/tmp/public/davidbeck/17285/2634166256/2634166256.fsa.gz
  https://img.jgi.doe.gov/m/tmp/public/davidbeck/17285/2634166256/2634166256.gbf.gz
  https://img.jgi.doe.gov/m/tmp/public/davidbeck/17285/2634166256/2634166256.sqn.gz
  https://img.jgi.doe.gov/m/tmp/public/davidbeck/17285/2634166256/2634166256.tbl.gz
  https://img.jgi.doe.gov/m/tmp/public/davidbeck/17285/2634166256/2634166256.val.gz
          https://img.jgi.doe.gov/m/tmp/public/davidbeck/17398/2634166255/2634166255.fsa.gz
  https://img.jgi.doe.gov/m/tmp/public/davidbeck/17398/2634166255/2634166255.gbf.gz
  https://img.jgi.doe.gov/m/tmp/public/davidbeck/17398/2634166255/2634166255.sqn.gz
  https://img.jgi.doe.gov/m/tmp/public/davidbeck/17398/2634166255/2634166255.tbl.gz
  https://img.jgi.doe.gov/m/tmp/public/davidbeck/17398/2634166255/2634166255.val.gz
          https://img.jgi.doe.gov/m/tmp/public/davidbeck/17638/2634166253/2634166253.fsa.gz
  https://img.jgi.doe.gov/m/tmp/public/davidbeck/17638/2634166253/2634166253.gbf.gz
  https://img.jgi.doe.gov/m/tmp/public/davidbeck/17638/2634166253/2634166253.sqn.gz
  https://img.jgi.doe.gov/m/tmp/public/davidbeck/17638/2634166253/2634166253.tbl.gz
  https://img.jgi.doe.gov/m/tmp/public/davidbeck/17638/2634166253/2634166253.val.gz
          https://img.jgi.doe.gov/m/tmp/public/davidbeck/17527/2634166254/2634166254.fsa.gz
  https://img.jgi.doe.gov/m/tmp/public/davidbeck/17527/2634166254/2634166254.gbf.gz
  https://img.jgi.doe.gov/m/tmp/public/davidbeck/17527/2634166254/2634166254.sqn.gz
  https://img.jgi.doe.gov/m/tmp/public/davidbeck/17527/2634166254/2634166254.tbl.gz
  https://img.jgi.doe.gov/m/tmp/public/davidbeck/17527/2634166254/2634166254.val.gz
          https://img.jgi.doe.gov/m/tmp/public/davidbeck/17698/2634166252/2634166252.fsa.gz
  https://img.jgi.doe.gov/m/tmp/public/davidbeck/17698/2634166252/2634166252.gbf.gz
  https://img.jgi.doe.gov/m/tmp/public/davidbeck/17698/2634166252/2634166252.sqn.gz
  https://img.jgi.doe.gov/m/tmp/public/davidbeck/17698/2634166252/2634166252.tbl.gz
  https://img.jgi.doe.gov/m/tmp/public/davidbeck/17698/2634166252/2634166252.val.gz
          https://img.jgi.doe.gov/m/tmp/public/davidbeck/17913/2634166251/2634166251.fsa.gz
  https://img.jgi.doe.gov/m/tmp/public/davidbeck/17913/2634166251/2634166251.gbf.gz
  https://img.jgi.doe.gov/m/tmp/public/davidbeck/17913/2634166251/2634166251.sqn.gz
  https://img.jgi.doe.gov/m/tmp/public/davidbeck/17913/2634166251/2634166251.tbl.gz
  https://img.jgi.doe.gov/m/tmp/public/davidbeck/17913/2634166251/2634166251.val.gz
          https://img.jgi.doe.gov/m/tmp/public/davidbeck/18019/2634166250/2634166250.fsa.gz
  https://img.jgi.doe.gov/m/tmp/public/davidbeck/18019/2634166250/2634166250.gbf.gz
  https://img.jgi.doe.gov/m/tmp/public/davidbeck/18019/2634166250/2634166250.sqn.gz
  https://img.jgi.doe.gov/m/tmp/public/davidbeck/18019/2634166250/2634166250.tbl.gz
  https://img.jgi.doe.gov/m/tmp/public/davidbeck/18019/2634166250/2634166250.val.gz
          https://img.jgi.doe.gov/m/tmp/public/davidbeck/18119/2634166249/2634166249.fsa.gz
  https://img.jgi.doe.gov/m/tmp/public/davidbeck/18119/2634166249/2634166249.gbf.gz
  https://img.jgi.doe.gov/m/tmp/public/davidbeck/18119/2634166249/2634166249.sqn.gz
  https://img.jgi.doe.gov/m/tmp/public/davidbeck/18119/2634166249/2634166249.tbl.gz
  https://img.jgi.doe.gov/m/tmp/public/davidbeck/18119/2634166249/2634166249.val.gz
          https://img.jgi.doe.gov/m/tmp/public/davidbeck/18167/2634166248/2634166248.fsa.gz
  https://img.jgi.doe.gov/m/tmp/public/davidbeck/18167/2634166248/2634166248.gbf.gz
  https://img.jgi.doe.gov/m/tmp/public/davidbeck/18167/2634166248/2634166248.sqn.gz
  https://img.jgi.doe.gov/m/tmp/public/davidbeck/18167/2634166248/2634166248.tbl.gz
  https://img.jgi.doe.gov/m/tmp/public/davidbeck/18167/2634166248/2634166248.val.gz
          https://img.jgi.doe.gov/m/tmp/public/davidbeck/18223/2634166247/2634166247.fsa.gz
  https://img.jgi.doe.gov/m/tmp/public/davidbeck/18223/2634166247/2634166247.gbf.gz
  https://img.jgi.doe.gov/m/tmp/public/davidbeck/18223/2634166247/2634166247.sqn.gz
  https://img.jgi.doe.gov/m/tmp/public/davidbeck/18223/2634166247/2634166247.tbl.gz
  https://img.jgi.doe.gov/m/tmp/public/davidbeck/18223/2634166247/2634166247.val.gz
          https://img.jgi.doe.gov/m/tmp/public/davidbeck/18308/2634166246/2634166246.fsa.gz
  https://img.jgi.doe.gov/m/tmp/public/davidbeck/18308/2634166246/2634166246.gbf.gz
  https://img.jgi.doe.gov/m/tmp/public/davidbeck/18308/2634166246/2634166246.sqn.gz
  https://img.jgi.doe.gov/m/tmp/public/davidbeck/18308/2634166246/2634166246.tbl.gz
  https://img.jgi.doe.gov/m/tmp/public/davidbeck/18308/2634166246/2634166246.val.gz
          https://img.jgi.doe.gov/m/tmp/public/davidbeck/18412/2634166245/2634166245.fsa.gz
  https://img.jgi.doe.gov/m/tmp/public/davidbeck/18412/2634166245/2634166245.gbf.gz
  https://img.jgi.doe.gov/m/tmp/public/davidbeck/18412/2634166245/2634166245.sqn.gz
  https://img.jgi.doe.gov/m/tmp/public/davidbeck/18412/2634166245/2634166245.tbl.gz
  https://img.jgi.doe.gov/m/tmp/public/davidbeck/18412/2634166245/2634166245.val.gz
          https://img.jgi.doe.gov/m/tmp/public/davidbeck/18526/2634166244/2634166244.fsa.gz
  https://img.jgi.doe.gov/m/tmp/public/davidbeck/18526/2634166244/2634166244.gbf.gz
  https://img.jgi.doe.gov/m/tmp/public/davidbeck/18526/2634166244/2634166244.sqn.gz
  https://img.jgi.doe.gov/m/tmp/public/davidbeck/18526/2634166244/2634166244.tbl.gz
  https://img.jgi.doe.gov/m/tmp/public/davidbeck/18526/2634166244/2634166244.val.gz
          https://img.jgi.doe.gov/m/tmp/public/davidbeck/18736/2634166243/2634166243.fsa.gz
  https://img.jgi.doe.gov/m/tmp/public/davidbeck/18736/2634166243/2634166243.gbf.gz
  https://img.jgi.doe.gov/m/tmp/public/davidbeck/18736/2634166243/2634166243.sqn.gz
  https://img.jgi.doe.gov/m/tmp/public/davidbeck/18736/2634166243/2634166243.tbl.gz
  https://img.jgi.doe.gov/m/tmp/public/davidbeck/18736/2634166243/2634166243.val.gz
          https://img.jgi.doe.gov/m/tmp/public/davidbeck/18817/2634166242/2634166242.fsa.gz
  https://img.jgi.doe.gov/m/tmp/public/davidbeck/18817/2634166242/2634166242.gbf.gz
  https://img.jgi.doe.gov/m/tmp/public/davidbeck/18817/2634166242/2634166242.sqn.gz
  https://img.jgi.doe.gov/m/tmp/public/davidbeck/18817/2634166242/2634166242.tbl.gz
  https://img.jgi.doe.gov/m/tmp/public/davidbeck/18817/2634166242/2634166242.val.gz
          https://img.jgi.doe.gov/m/tmp/public/davidbeck/18919/2634166241/2634166241.fsa.gz
  https://img.jgi.doe.gov/m/tmp/public/davidbeck/18919/2634166241/2634166241.gbf.gz
  https://img.jgi.doe.gov/m/tmp/public/davidbeck/18919/2634166241/2634166241.sqn.gz
  https://img.jgi.doe.gov/m/tmp/public/davidbeck/18919/2634166241/2634166241.tbl.gz
  https://img.jgi.doe.gov/m/tmp/public/davidbeck/18919/2634166241/2634166241.val.gz
          https://img.jgi.doe.gov/m/tmp/public/davidbeck/18999/2634166240/2634166240.fsa.gz
  https://img.jgi.doe.gov/m/tmp/public/davidbeck/18999/2634166240/2634166240.gbf.gz
  https://img.jgi.doe.gov/m/tmp/public/davidbeck/18999/2634166240/2634166240.sqn.gz
  https://img.jgi.doe.gov/m/tmp/public/davidbeck/18999/2634166240/2634166240.tbl.gz
  https://img.jgi.doe.gov/m/tmp/public/davidbeck/18999/2634166240/2634166240.val.gz
          https://img.jgi.doe.gov/m/tmp/public/davidbeck/19111/2634166239/2634166239.fsa.gz
  https://img.jgi.doe.gov/m/tmp/public/davidbeck/19111/2634166239/2634166239.gbf.gz
  https://img.jgi.doe.gov/m/tmp/public/davidbeck/19111/2634166239/2634166239.sqn.gz
  https://img.jgi.doe.gov/m/tmp/public/davidbeck/19111/2634166239/2634166239.tbl.gz
  https://img.jgi.doe.gov/m/tmp/public/davidbeck/19111/2634166239/2634166239.val.gz
          https://img.jgi.doe.gov/m/tmp/public/davidbeck/19218/2634166238/2634166238.fsa.gz
  https://img.jgi.doe.gov/m/tmp/public/davidbeck/19218/2634166238/2634166238.gbf.gz
  https://img.jgi.doe.gov/m/tmp/public/davidbeck/19218/2634166238/2634166238.sqn.gz
  https://img.jgi.doe.gov/m/tmp/public/davidbeck/19218/2634166238/2634166238.tbl.gz
  https://img.jgi.doe.gov/m/tmp/public/davidbeck/19218/2634166238/2634166238.val.gz
          https://img.jgi.doe.gov/m/tmp/public/davidbeck/19284/2634166237/2634166237.fsa.gz
  https://img.jgi.doe.gov/m/tmp/public/davidbeck/19284/2634166237/2634166237.gbf.gz
  https://img.jgi.doe.gov/m/tmp/public/davidbeck/19284/2634166237/2634166237.sqn.gz
  https://img.jgi.doe.gov/m/tmp/public/davidbeck/19284/2634166237/2634166237.tbl.gz
  https://img.jgi.doe.gov/m/tmp/public/davidbeck/19284/2634166237/2634166237.val.gz
          https://img.jgi.doe.gov/m/tmp/public/davidbeck/19503/2634166236/2634166236.fsa.gz
  https://img.jgi.doe.gov/m/tmp/public/davidbeck/19503/2634166236/2634166236.gbf.gz
  https://img.jgi.doe.gov/m/tmp/public/davidbeck/19503/2634166236/2634166236.sqn.gz
  https://img.jgi.doe.gov/m/tmp/public/davidbeck/19503/2634166236/2634166236.tbl.gz
  https://img.jgi.doe.gov/m/tmp/public/davidbeck/19503/2634166236/2634166236.val.gz
          https://img.jgi.doe.gov/m/tmp/public/davidbeck/19659/2634166235/2634166235.fsa.gz
  https://img.jgi.doe.gov/m/tmp/public/davidbeck/19659/2634166235/2634166235.gbf.gz
  https://img.jgi.doe.gov/m/tmp/public/davidbeck/19659/2634166235/2634166235.sqn.gz
  https://img.jgi.doe.gov/m/tmp/public/davidbeck/19659/2634166235/2634166235.tbl.gz
  https://img.jgi.doe.gov/m/tmp/public/davidbeck/19659/2634166235/2634166235.val.gz
          https://img.jgi.doe.gov/m/tmp/public/davidbeck/19708/2634166234/2634166234.fsa.gz
  https://img.jgi.doe.gov/m/tmp/public/davidbeck/19708/2634166234/2634166234.gbf.gz
  https://img.jgi.doe.gov/m/tmp/public/davidbeck/19708/2634166234/2634166234.sqn.gz
  https://img.jgi.doe.gov/m/tmp/public/davidbeck/19708/2634166234/2634166234.tbl.gz
  https://img.jgi.doe.gov/m/tmp/public/davidbeck/19708/2634166234/2634166234.val.gz
          https://img.jgi.doe.gov/m/tmp/public/davidbeck/19781/2634166233/2634166233.fsa.gz
  https://img.jgi.doe.gov/m/tmp/public/davidbeck/19781/2634166233/2634166233.gbf.gz
  https://img.jgi.doe.gov/m/tmp/public/davidbeck/19781/2634166233/2634166233.sqn.gz
  https://img.jgi.doe.gov/m/tmp/public/davidbeck/19781/2634166233/2634166233.tbl.gz
  https://img.jgi.doe.gov/m/tmp/public/davidbeck/19781/2634166233/2634166233.val.gz
          https://img.jgi.doe.gov/m/tmp/public/davidbeck/19869/2634166232/2634166232.fsa.gz
  https://img.jgi.doe.gov/m/tmp/public/davidbeck/19869/2634166232/2634166232.gbf.gz
  https://img.jgi.doe.gov/m/tmp/public/davidbeck/19869/2634166232/2634166232.sqn.gz
  https://img.jgi.doe.gov/m/tmp/public/davidbeck/19869/2634166232/2634166232.tbl.gz
  https://img.jgi.doe.gov/m/tmp/public/davidbeck/19869/2634166232/2634166232.val.gz
          https://img.jgi.doe.gov/m/tmp/public/davidbeck/19927/2634166231/2634166231.fsa.gz
  https://img.jgi.doe.gov/m/tmp/public/davidbeck/19927/2634166231/2634166231.gbf.gz
  https://img.jgi.doe.gov/m/tmp/public/davidbeck/19927/2634166231/2634166231.sqn.gz
  https://img.jgi.doe.gov/m/tmp/public/davidbeck/19927/2634166231/2634166231.tbl.gz
  https://img.jgi.doe.gov/m/tmp/public/davidbeck/19927/2634166231/2634166231.val.gz
          https://img.jgi.doe.gov/m/tmp/public/davidbeck/19977/2634166230/2634166230.fsa.gz
  https://img.jgi.doe.gov/m/tmp/public/davidbeck/19977/2634166230/2634166230.gbf.gz
  https://img.jgi.doe.gov/m/tmp/public/davidbeck/19977/2634166230/2634166230.sqn.gz
  https://img.jgi.doe.gov/m/tmp/public/davidbeck/19977/2634166230/2634166230.tbl.gz
  https://img.jgi.doe.gov/m/tmp/public/davidbeck/19977/2634166230/2634166230.val.gz
          https://img.jgi.doe.gov/m/tmp/public/davidbeck/20035/2634166229/2634166229.fsa.gz
  https://img.jgi.doe.gov/m/tmp/public/davidbeck/20035/2634166229/2634166229.gbf.gz
  https://img.jgi.doe.gov/m/tmp/public/davidbeck/20035/2634166229/2634166229.sqn.gz
  https://img.jgi.doe.gov/m/tmp/public/davidbeck/20035/2634166229/2634166229.tbl.gz
  https://img.jgi.doe.gov/m/tmp/public/davidbeck/20035/2634166229/2634166229.val.gz
          https://img.jgi.doe.gov/m/tmp/public/davidbeck/20102/2634166228/2634166228.fsa.gz
  https://img.jgi.doe.gov/m/tmp/public/davidbeck/20102/2634166228/2634166228.gbf.gz
  https://img.jgi.doe.gov/m/tmp/public/davidbeck/20102/2634166228/2634166228.sqn.gz
  https://img.jgi.doe.gov/m/tmp/public/davidbeck/20102/2634166228/2634166228.tbl.gz
  https://img.jgi.doe.gov/m/tmp/public/davidbeck/20102/2634166228/2634166228.val.gz
          https://img.jgi.doe.gov/m/tmp/public/davidbeck/20220/2634166227/2634166227.fsa.gz
  https://img.jgi.doe.gov/m/tmp/public/davidbeck/20220/2634166227/2634166227.gbf.gz
  https://img.jgi.doe.gov/m/tmp/public/davidbeck/20220/2634166227/2634166227.sqn.gz
  https://img.jgi.doe.gov/m/tmp/public/davidbeck/20220/2634166227/2634166227.tbl.gz
  https://img.jgi.doe.gov/m/tmp/public/davidbeck/20220/2634166227/2634166227.val.gz
https://img.jgi.doe.gov/mer/tmp/public/janetmatsen/14184/2634166228/2634166228.fsa.gz
https://img.jgi.doe.gov/mer/tmp/public/janetmatsen/14184/2634166228/2634166228.gbf.gz
https://img.jgi.doe.gov/mer/tmp/public/janetmatsen/14184/2634166228/2634166228.sqn.gz
https://img.jgi.doe.gov/mer/tmp/public/janetmatsen/14184/2634166228/2634166228.tbl.gz
https://img.jgi.doe.gov/mer/tmp/public/janetmatsen/14184/2634166228/2634166228.val.gz
https://img.jgi.doe.gov/mer/tmp/public/janetmatsen/14139/2634166227/2634166227.fsa.gz
https://img.jgi.doe.gov/mer/tmp/public/janetmatsen/14139/2634166227/2634166227.gbf.gz
https://img.jgi.doe.gov/mer/tmp/public/janetmatsen/14139/2634166227/2634166227.sqn.gz
https://img.jgi.doe.gov/mer/tmp/public/janetmatsen/14139/2634166227/2634166227.tbl.gz
https://img.jgi.doe.gov/mer/tmp/public/janetmatsen/14139/2634166227/2634166227.val.gz
https://img.jgi.doe.gov/mer/tmp/public/janetmatsen/14081/2634166226/2634166226.fsa.gz
https://img.jgi.doe.gov/mer/tmp/public/janetmatsen/14081/2634166226/2634166226.gbf.gz
https://img.jgi.doe.gov/mer/tmp/public/janetmatsen/14081/2634166226/2634166226.sqn.gz
https://img.jgi.doe.gov/mer/tmp/public/janetmatsen/14081/2634166226/2634166226.tbl.gz
https://img.jgi.doe.gov/mer/tmp/public/janetmatsen/14081/2634166226/2634166226.val.gz
https://img.jgi.doe.gov/mer/tmp/public/janetmatsen/14012/2634166225/2634166225.fsa.gz
https://img.jgi.doe.gov/mer/tmp/public/janetmatsen/14012/2634166225/2634166225.gbf.gz
https://img.jgi.doe.gov/mer/tmp/public/janetmatsen/14012/2634166225/2634166225.sqn.gz
https://img.jgi.doe.gov/mer/tmp/public/janetmatsen/14012/2634166225/2634166225.tbl.gz
https://img.jgi.doe.gov/mer/tmp/public/janetmatsen/14012/2634166225/2634166225.val.gz
https://img.jgi.doe.gov/mer/tmp/public/janetmatsen/12478/2634166222/2634166222.fsa.gz
https://img.jgi.doe.gov/mer/tmp/public/janetmatsen/12478/2634166222/2634166222.gbf.gz
https://img.jgi.doe.gov/mer/tmp/public/janetmatsen/12478/2634166222/2634166222.sqn.gz
https://img.jgi.doe.gov/mer/tmp/public/janetmatsen/12478/2634166222/2634166222.tbl.gz
https://img.jgi.doe.gov/mer/tmp/public/janetmatsen/12478/2634166222/2634166222.val.gz
https://img.jgi.doe.gov/mer/tmp/public/janetmatsen/13537/2634166221/2634166221.fsa.gz
https://img.jgi.doe.gov/mer/tmp/public/janetmatsen/13537/2634166221/2634166221.gbf.gz
https://img.jgi.doe.gov/mer/tmp/public/janetmatsen/13537/2634166221/2634166221.sqn.gz
https://img.jgi.doe.gov/mer/tmp/public/janetmatsen/13537/2634166221/2634166221.tbl.gz
https://img.jgi.doe.gov/mer/tmp/public/janetmatsen/13537/2634166221/2634166221.val.gz
https://img.jgi.doe.gov/mer/tmp/public/janetmatsen/13466/2634166220/2634166220.fsa.gz
https://img.jgi.doe.gov/mer/tmp/public/janetmatsen/13466/2634166220/2634166220.gbf.gz
https://img.jgi.doe.gov/mer/tmp/public/janetmatsen/13466/2634166220/2634166220.sqn.gz
https://img.jgi.doe.gov/mer/tmp/public/janetmatsen/13466/2634166220/2634166220.tbl.gz
https://img.jgi.doe.gov/mer/tmp/public/janetmatsen/13466/2634166220/2634166220.val.gz
https://img.jgi.doe.gov/mer/tmp/public/janetmatsen/13178/2634166223/2634166223.fsa.gz
https://img.jgi.doe.gov/mer/tmp/public/janetmatsen/13178/2634166223/2634166223.gbf.gz
https://img.jgi.doe.gov/mer/tmp/public/janetmatsen/13178/2634166223/2634166223.sqn.gz
https://img.jgi.doe.gov/mer/tmp/public/janetmatsen/13178/2634166223/2634166223.tbl.gz
https://img.jgi.doe.gov/mer/tmp/public/janetmatsen/13178/2634166223/2634166223.val.gz
         https://img.jgi.doe.gov/m/tmp/public/davidbeck/22961/2634166224/2634166224.fsa.gz
 https://img.jgi.doe.gov/m/tmp/public/davidbeck/22961/2634166224/2634166224.gbf.gz
 https://img.jgi.doe.gov/m/tmp/public/davidbeck/22961/2634166224/2634166224.sqn.gz
 https://img.jgi.doe.gov/m/tmp/public/davidbeck/22961/2634166224/2634166224.tbl.gz
 https://img.jgi.doe.gov/m/tmp/public/davidbeck/22961/2634166224/2634166224.val.gz
